e:\项目涉及资料合集\10-软件编程\软件1\可用程序\3\project3 - 副本 - 副本 - 副本 - 副本\project1\project1\x64\debug\vc120.pdb
e:\项目涉及资料合集\10-软件编程\软件1\可用程序\3\project3 - 副本 - 副本 - 副本 - 副本\project1\project1\x64\debug\svm.obj
e:\项目涉及资料合集\10-软件编程\软件1\可用程序\3\project3 - 副本 - 副本 - 副本 - 副本\project1\project1\x64\debug\myform.obj
e:\项目涉及资料合集\10-软件编程\软件1\可用程序\3\project3 - 副本 - 副本 - 副本 - 副本\project1\project1\x64\debug\.netframework,version=v4.5.assemblyattributes.obj
e:\项目涉及资料合集\10-软件编程\软件1\可用程序\3\project3 - 副本 - 副本 - 副本 - 副本 - 副本\project1\project1\x64\debug\vc120.pdb
e:\项目涉及资料合集\10-软件编程\软件1\可用程序\3\project3 - 副本 - 副本 - 副本 - 副本 - 副本\project1\project1\x64\debug\svm.obj
e:\项目涉及资料合集\10-软件编程\软件1\可用程序\3\project3 - 副本 - 副本 - 副本 - 副本 - 副本\project1\project1\x64\debug\myform.obj
e:\项目涉及资料合集\10-软件编程\软件1\可用程序\3\project3 - 副本 - 副本 - 副本 - 副本 - 副本 - 副本\project1\project1\x64\debug\vc120.pdb
e:\项目涉及资料合集\10-软件编程\软件1\可用程序\3\project3 - 副本 - 副本 - 副本 - 副本 - 副本 - 副本\project1\project1\x64\debug\svm.obj
e:\项目涉及资料合集\10-软件编程\软件1\可用程序\3\project3 - 副本 - 副本 - 副本 - 副本 - 副本 - 副本\project1\project1\x64\debug\myform.obj
e:\项目涉及资料合集\10-软件编程\软件1\可用程序\3\project3 - 副本 - 副本 - 副本 - 副本\project1\x64\debug\project1.exe
e:\项目涉及资料合集\10-软件编程\软件1\可用程序\3\project3 - 副本 - 副本 - 副本 - 副本\project1\x64\debug\project1.pdb
e:\项目涉及资料合集\10-软件编程\软件1\可用程序\3\project3 - 副本 - 副本 - 副本 - 副本 - 副本\project1\x64\debug\project1.exe
e:\项目涉及资料合集\10-软件编程\软件1\可用程序\3\project3 - 副本 - 副本 - 副本 - 副本 - 副本\project1\x64\debug\project1.pdb
e:\项目涉及资料合集\10-软件编程\软件1\可用程序\3\project3 - 副本 - 副本 - 副本 - 副本 - 副本 - 副本\project1\x64\debug\project1.exe
e:\项目涉及资料合集\10-软件编程\软件1\可用程序\3\project3 - 副本 - 副本 - 副本 - 副本 - 副本 - 副本\project1\x64\debug\project1.pdb
e:\项目涉及资料合集\10-软件编程\软件1\可用程序\3\project3 - 副本 - 副本 - 副本 - 副本\project1\project1\x64\debug\project1.myform.resources
e:\项目涉及资料合集\10-软件编程\软件1\可用程序\3\project3 - 副本 - 副本 - 副本 - 副本\project1\x64\debug\project1.lib
e:\项目涉及资料合集\10-软件编程\软件1\可用程序\3\project3 - 副本 - 副本 - 副本 - 副本\project1\x64\debug\project1.exp
e:\项目涉及资料合集\10-软件编程\软件1\可用程序\3\project3 - 副本 - 副本 - 副本 - 副本 - 副本\project1\project1\x64\debug\project1.myform.resources
e:\项目涉及资料合集\10-软件编程\软件1\可用程序\3\project3 - 副本 - 副本 - 副本 - 副本 - 副本\project1\x64\debug\project1.lib
e:\项目涉及资料合集\10-软件编程\软件1\可用程序\3\project3 - 副本 - 副本 - 副本 - 副本 - 副本\project1\x64\debug\project1.exp
e:\项目涉及资料合集\10-软件编程\软件1\可用程序\3\project3 - 副本 - 副本 - 副本 - 副本 - 副本 - 副本\project1\project1\x64\debug\project1.myform.resources
e:\项目涉及资料合集\10-软件编程\软件1\可用程序\3\project3 - 副本 - 副本 - 副本 - 副本 - 副本 - 副本\project1\x64\debug\project1.lib
e:\项目涉及资料合集\10-软件编程\软件1\可用程序\3\project3 - 副本 - 副本 - 副本 - 副本 - 副本 - 副本\project1\x64\debug\project1.exp
g:\dj\5-其他\项目涉及资料合集\10-软件编程\软件1\可用程序\3\project3 - 副本 - 副本 - 副本 - 副本 - 副本 - 副本\project1\project1\x64\debug\project1.vcxproj.generateresource.cache
g:\dj\5-其他\项目涉及资料合集\10-软件编程\软件1\可用程序\3\project3 - 副本 - 副本 - 副本 - 副本 - 副本 - 副本\project1\project1\x64\debug\project1.vcxprojresolveassemblyreference.cache
g:\dj\5-其他\项目涉及资料合集\10-软件编程\软件1\可用程序\3\project3 - 副本 - 副本 - 副本 - 副本 - 副本 - 副本\project1\project1\x64\debug\.netframework,version=v4.5.assemblyattributes.obj
g:\dj\5-其他\项目涉及资料合集\10-软件编程\软件1\可用程序\3\project3 - 副本 - 副本 - 副本 - 副本 - 副本 - 副本\project1\project1\x64\debug\myform.obj
g:\dj\5-其他\项目涉及资料合集\10-软件编程\软件1\可用程序\3\project3 - 副本 - 副本 - 副本 - 副本 - 副本 - 副本\project1\project1\x64\debug\svm.obj
g:\dj\5-其他\项目涉及资料合集\10-软件编程\软件1\可用程序\3\project3 - 副本 - 副本 - 副本 - 副本 - 副本 - 副本\project1\project1\x64\debug\project1.myform.resources
g:\dj\5-其他\项目涉及资料合集\10-软件编程\软件1\可用程序\3\project3 - 副本 - 副本 - 副本 - 副本 - 副本 - 副本\project1\project1\x64\debug\vc120.pdb
g:\dj\5-其他\项目涉及资料合集\10-软件编程\软件1\可用程序\3\project3 - 副本 - 副本 - 副本 - 副本 - 副本 - 副本\project1\x64\debug\project1.pdb
g:\dj\5-其他\项目涉及资料合集\10-软件编程\软件1\可用程序\3\project3 - 副本 - 副本 - 副本 - 副本 - 副本 - 副本\project1\x64\debug\project1.exe
g:\dj\5-其他\项目涉及资料合集\10-软件编程\软件1\可用程序\3\project3 - 副本 - 副本 - 副本 - 副本 - 副本 - 副本\project1\project1\x64\debug\project1.tlog\cl.command.1.tlog
g:\dj\5-其他\项目涉及资料合集\10-软件编程\软件1\可用程序\3\project3 - 副本 - 副本 - 副本 - 副本 - 副本 - 副本\project1\project1\x64\debug\project1.tlog\cl.read.1.tlog
g:\dj\5-其他\项目涉及资料合集\10-软件编程\软件1\可用程序\3\project3 - 副本 - 副本 - 副本 - 副本 - 副本 - 副本\project1\project1\x64\debug\project1.tlog\cl.write.1.tlog
g:\dj\5-其他\项目涉及资料合集\10-软件编程\软件1\可用程序\3\project3 - 副本 - 副本 - 副本 - 副本 - 副本 - 副本\project1\project1\x64\debug\project1.tlog\link.command.1.tlog
g:\dj\5-其他\项目涉及资料合集\10-软件编程\软件1\可用程序\3\project3 - 副本 - 副本 - 副本 - 副本 - 副本 - 副本\project1\project1\x64\debug\project1.tlog\link.read.1.tlog
g:\dj\5-其他\项目涉及资料合集\10-软件编程\软件1\可用程序\3\project3 - 副本 - 副本 - 副本 - 副本 - 副本 - 副本\project1\project1\x64\debug\project1.tlog\link.write.1.tlog
g:\dj\5-其他\项目涉及资料合集\10-软件编程\软件1\可用程序\3\project3 - 副本 - 副本 - 副本 - 副本 - 副本 - 副本\project1\project1\x64\debug\project1.tlog\metagen.read.1.tlog
g:\dj\5-其他\项目涉及资料合集\10-软件编程\软件1\可用程序\3\project3 - 副本 - 副本 - 副本 - 副本 - 副本 - 副本\project1\project1\x64\debug\project1.tlog\metagen.write.1.tlog
g:\dj\5-其他\项目涉及资料合集\10-软件编程\软件1\可用程序\3\project3 - 副本 - 副本 - 副本 - 副本 - 副本 - 副本\project1\project1\x64\debug\project1.tlog\project1.write.1u.tlog
g:\dj\5-其他\项目涉及资料合集\10-软件编程\软件1\可用程序\3\project3 - 副本 - 副本 - 副本 - 副本 - 副本 - 副本\project1\project1\x64\debug\project1.tlog\rsaenh.dll.bi
g:\dj\5-其他\项目涉及资料合集\10-软件编程\软件1\可用程序\3\project3 - 副本 - 副本 - 副本 - 副本 - 副本 - 副本\project1\project1\x64\debug\project1.tlog\tzres.dll.bi
